tox/build/outputs/logs/manifest-merger-debug-report.txt
-- Merging decision tree log ---
manifest
ADDED from src\main\AndroidManifest.xml:2:1-364:12
	xmlns:android
		ADDED from src\main\AndroidManifest.xml:2:11-69
	package
		ADDED from src\main\AndroidManifest.xml:3:5-31
		INJECTED from src\main\AndroidManifest.xml
		INJECTED from src\main\AndroidManifest.xml
	android:versionName
		ADDED from src\main\AndroidManifest.xml:5:5-32
		INJECTED from src\main\AndroidManifest.xml
		INJECTED from src\main\AndroidManifest.xml
	android:versionCode
		ADDED from src\main\AndroidManifest.xml:4:5-29
		INJECTED from src\main\AndroidManifest.xml
		INJECTED from src\main\AndroidManifest.xml
uses-sdk
ADDED from src\main\AndroidManifest.xml:7:5-9:41
MERGED from [:library-1.8.2:] AndroidManifest.xml:6:5-8:41
MERGED from [:ldrawer-0.1:] AndroidManifest.xml:7:5-9:41
MERGED from [:library-1.1.3:] AndroidManifest.xml:8:5-10:41
MERGED from [:material-menu-1.5.1:] AndroidManifest.xml:8:5-10:41
MERGED from [com.android.support:appcompat-v7:23.2.0] AndroidManifest.xml:21:5-23:78
MERGED from [com.android.support:support-v4:23.2.0] AndroidManifest.xml:20:5-43
MERGED from [com.android.support:animated-vector-drawable:23.2.0] AndroidManifest.xml:5:5-44
MERGED from [com.android.support:support-vector-drawable:23.2.0] AndroidManifest.xml:5:5-43
MERGED from [com.android.support:support-v4:23.2.0] AndroidManifest.xml:20:5-43
MERGED from [com.android.support:support-vector-drawable:23.2.0] AndroidManifest.xml:5:5-43
MERGED from [com.android.support:support-v4:23.2.0] AndroidManifest.xml:20:5-43
MERGED from [com.android.support:support-v4:23.2.0] AndroidManifest.xml:20:5-43
MERGED from [com.android.support:design:23.2.0] AndroidManifest.xml:20:5-43
MERGED from [com.android.support:recyclerview-v7:23.2.0] AndroidManifest.xml:20:5-43
MERGED from [com.android.support:support-v4:23.2.0] AndroidManifest.xml:20:5-43
MERGED from [com.android.support:appcompat-v7:23.2.0] AndroidManifest.xml:21:5-23:78
MERGED from [com.android.support:support-v4:23.2.0] AndroidManifest.xml:20:5-43
MERGED from [com.android.support:animated-vector-drawable:23.2.0] AndroidManifest.xml:5:5-44
MERGED from [com.android.support:support-vector-drawable:23.2.0] AndroidManifest.xml:5:5-43
MERGED from [com.android.support:support-v4:23.2.0] AndroidManifest.xml:20:5-43
MERGED from [com.android.support:support-vector-drawable:23.2.0] AndroidManifest.xml:5:5-43
MERGED from [com.android.support:support-v4:23.2.0] AndroidManifest.xml:20:5-43
MERGED from [com.android.support:support-v4:23.2.0] AndroidManifest.xml:20:5-43
MERGED from [YZL-master:slidingmenu_library:unspecified] AndroidManifest.xml:7:5-9:41
MERGED from [com.android.support:support-v4:23.2.0] AndroidManifest.xml:20:5-43
MERGED from [YZL-master:photoview:unspecified] AndroidManifest.xml:7:5-9:41
MERGED from [com.android.support:appcompat-v7:23.2.0] AndroidManifest.xml:21:5-23:78
MERGED from [com.android.support:support-v4:23.2.0] AndroidManifest.xml:20:5-43
MERGED from [com.android.support:animated-vector-drawable:23.2.0] AndroidManifest.xml:5:5-44
MERGED from [com.android.support:support-vector-drawable:23.2.0] AndroidManifest.xml:5:5-43
MERGED from [com.android.support:support-v4:23.2.0] AndroidManifest.xml:20:5-43
MERGED from [com.android.support:support-vector-drawable:23.2.0] AndroidManifest.xml:5:5-43
MERGED from [com.android.support:support-v4:23.2.0] AndroidManifest.xml:20:5-43
	android:targetSdkVersion
		ADDED from src\main\AndroidManifest.xml:9:9-38
		INJECTED from src\main\AndroidManifest.xml
		INJECTED from src\main\AndroidManifest.xml
	android:minSdkVersion
		ADDED from src\main\AndroidManifest.xml:8:9-35
		INJECTED from src\main\AndroidManifest.xml
		INJECTED from src\main\AndroidManifest.xml
	tools:overrideLibrary
		ADDED from [com.android.support:appcompat-v7:23.2.0] AndroidManifest.xml:23:9-75
uses-permission#android.permission.INTERNET
ADDED from src\main\AndroidManifest.xml:11:5-67
	android:name
		ADDED from src\main\AndroidManifest.xml:11:22-64
uses-permission#android.permission.ACCESS_NETWORK_STATE
ADDED from src\main\AndroidManifest.xml:12:5-79
	android:name
		ADDED from src\main\AndroidManifest.xml:12:22-76
uses-permission#android.permission.WRITE_EXTERNAL_STORAGE
ADDED from src\main\AndroidManifest.xml:13:5-81
	android:name
		ADDED from src\main\AndroidManifest.xml:13:22-78
uses-permission#android.permission.MOUNT_UNMOUNT_FILESYSTEMS
ADDED from src\main\AndroidManifest.xml:14:5-84
	android:name
		ADDED from src\main\AndroidManifest.xml:14:22-81
uses-permission#android.permission.READ_PHONE_STATE
ADDED from src\main\AndroidManifest.xml:15:5-75
	android:name
		ADDED from src\main\AndroidManifest.xml:15:22-72
uses-permission#android.permission.CAMERA
ADDED from src\main\AndroidManifest.xml:16:5-65
	android:name
		ADDED from src\main\AndroidManifest.xml:16:22-62
uses-permission#android.permission.VIBRATE
ADDED from src\main\AndroidManifest.xml:17:5-66
	android:name
		ADDED from src\main\AndroidManifest.xml:17:22-63
uses-permission#android.permission.FLASHLIGHT
ADDED from src\main\AndroidManifest.xml:18:5-69
	android:name
		ADDED from src\main\AndroidManifest.xml:18:22-66
uses-permission#android.permission.READ_EXTERNAL_STORAGE
ADDED from src\main\AndroidManifest.xml:19:5-80
	android:name
		ADDED from src\main\AndroidManifest.xml:19:22-77
uses-permission#com.android.launcher.permission.READ_SETTINGS
ADDED from src\main\AndroidManifest.xml:23:5-85
	android:name
		ADDED from src\main\AndroidManifest.xml:23:22-82
uses-permission#android.permission.WAKE_LOCK
ADDED from src\main\AndroidManifest.xml:24:5-68
	android:name
		ADDED from src\main\AndroidManifest.xml:24:22-65
uses-permission#android.permission.CHANGE_WIFI_STATE
ADDED from src\main\AndroidManifest.xml:25:5-76
	android:name
		ADDED from src\main\AndroidManifest.xml:25:22-73
uses-permission#android.permission.ACCESS_WIFI_STATE
ADDED from src\main\AndroidManifest.xml:26:5-76
	android:name
		ADDED from src\main\AndroidManifest.xml:26:22-73
uses-permission#android.permission.GET_TASKS
ADDED from src\main\AndroidManifest.xml:27:5-68
	android:name
		ADDED from src\main\AndroidManifest.xml:27:22-65
uses-permission#android.permission.WRITE_SETTINGS
ADDED from src\main\AndroidManifest.xml:29:5-73
	android:name
		ADDED from src\main\AndroidManifest.xml:29:22-70
uses-permission#android.permission.ACCESS_COARSE_LOCATION
ADDED from src\main\AndroidManifest.xml:31:5-81
	android:name
		ADDED from src\main\AndroidManifest.xml:31:22-78
uses-permission#android.permission.ACCESS_FINE_LOCATION
ADDED from src\main\AndroidManifest.xml:33:5-79
	android:name
		ADDED from src\main\AndroidManifest.xml:33:22-76
application
ADDED from src\main\AndroidManifest.xml:51:5-362:19
MERGED from [:ldrawer-0.1:] AndroidManifest.xml:11:5-47
MERGED from [:library-1.1.3:] AndroidManifest.xml:12:5-20
MERGED from [:material-menu-1.5.1:] AndroidManifest.xml:12:5-20
MERGED from [com.android.support:appcompat-v7:23.2.0] AndroidManifest.xml:25:5-20
MERGED from [com.android.support:support-v4:23.2.0] AndroidManifest.xml:22:5-20
MERGED from [com.android.support:animated-vector-drawable:23.2.0] AndroidManifest.xml:7:5-20
MERGED from [com.android.support:support-vector-drawable:23.2.0] AndroidManifest.xml:7:5-20
MERGED from [com.android.support:support-v4:23.2.0] AndroidManifest.xml:22:5-20
MERGED from [com.android.support:support-vector-drawable:23.2.0] AndroidManifest.xml:7:5-20
MERGED from [com.android.support:support-v4:23.2.0] AndroidManifest.xml:22:5-20
MERGED from [com.android.support:support-v4:23.2.0] AndroidManifest.xml:22:5-20
MERGED from [com.android.support:design:23.2.0] AndroidManifest.xml:22:5-20
MERGED from [com.android.support:support-v4:23.2.0] AndroidManifest.xml:22:5-20
MERGED from [com.android.support:appcompat-v7:23.2.0] AndroidManifest.xml:25:5-20
MERGED from [com.android.support:support-v4:23.2.0] AndroidManifest.xml:22:5-20
MERGED from [com.android.support:animated-vector-drawable:23.2.0] AndroidManifest.xml:7:5-20
MERGED from [com.android.support:support-vector-drawable:23.2.0] AndroidManifest.xml:7:5-20
MERGED from [com.android.support:support-v4:23.2.0] AndroidManifest.xml:22:5-20
MERGED from [com.android.support:support-vector-drawable:23.2.0] AndroidManifest.xml:7:5-20
MERGED from [com.android.support:support-v4:23.2.0] AndroidManifest.xml:22:5-20
MERGED from [com.android.support:support-v4:23.2.0] AndroidManifest.xml:22:5-20
MERGED from [com.android.support:support-v4:23.2.0] AndroidManifest.xml:22:5-20
MERGED from [YZL-master:photoview:unspecified] AndroidManifest.xml:11:5-15:19
MERGED from [com.android.support:appcompat-v7:23.2.0] AndroidManifest.xml:25:5-20
MERGED from [com.android.support:support-v4:23.2.0] AndroidManifest.xml:22:5-20
MERGED from [com.android.support:animated-vector-drawable:23.2.0] AndroidManifest.xml:7:5-20
MERGED from [com.android.support:support-vector-drawable:23.2.0] AndroidManifest.xml:7:5-20
MERGED from [com.android.support:support-v4:23.2.0] AndroidManifest.xml:22:5-20
MERGED from [com.android.support:support-vector-drawable:23.2.0] AndroidManifest.xml:7:5-20
MERGED from [com.android.support:support-v4:23.2.0] AndroidManifest.xml:22:5-20
	android:supportsRtl
		ADDED from [YZL-master:photoview:unspecified] AndroidManifest.xml:14:9-35
	android:label
		ADDED from src\main\AndroidManifest.xml:55:9-41
	android:allowBackup
		ADDED from src\main\AndroidManifest.xml:53:9-35
	android:icon
		ADDED from src\main\AndroidManifest.xml:54:9-45
	android:theme
		ADDED from src\main\AndroidManifest.xml:57:9-40
	android:largeHeap
		ADDED from src\main\AndroidManifest.xml:56:9-33
	android:name
		ADDED from src\main\AndroidManifest.xml:52:9-59
meta-data#com.baidu.lbsapi.API_KEY
ADDED from src\main\AndroidManifest.xml:58:9-60:64
	android:name
		ADDED from src\main\AndroidManifest.xml:59:13-52
	android:value
		ADDED from src\main\AndroidManifest.xml:60:13-61
service#com.baidu.location.f
ADDED from src\main\AndroidManifest.xml:62:9-70:19
	android:process
		ADDED from src\main\AndroidManifest.xml:65:13-38
	android:enabled
		ADDED from src\main\AndroidManifest.xml:64:13-35
	android:name
		ADDED from src\main\AndroidManifest.xml:63:13-48
intent-filter#com.baidu.location.service_v2.2
ADDED from src\main\AndroidManifest.xml:66:13-69:29
action#com.baidu.location.service_v2.2
ADDED from src\main\AndroidManifest.xml:67:17-68:26
	android:name
		ADDED from src\main\AndroidManifest.xml:67:25-71
activity#com.thinksky.tox.NewsDetailActivity
ADDED from src\main\AndroidManifest.xml:72:9-76:55
	android:screenOrientation
		ADDED from src\main\AndroidManifest.xml:75:13-49
	android:configChanges
		ADDED from src\main\AndroidManifest.xml:74:13-74
	android:theme
		ADDED from src\main\AndroidManifest.xml:76:13-52
	android:name
		ADDED from src\main\AndroidManifest.xml:73:13-47
activity#com.thinksky.tox.NewsMeActivity
ADDED from src\main\AndroidManifest.xml:77:9-81:55
	android:screenOrientation
		ADDED from src\main\AndroidManifest.xml:80:13-49
	android:configChanges
		ADDED from src\main\AndroidManifest.xml:79:13-74
	android:theme
		ADDED from src\main\AndroidManifest.xml:81:13-52
	android:name
		ADDED from src\main\AndroidManifest.xml:78:13-43
activity#com.thinksky.tox.NewsActivity
ADDED from src\main\AndroidManifest.xml:82:9-85:52
	android:screenOrientation
		ADDED from src\main\AndroidManifest.xml:85:13-49
	android:configChanges
		ADDED from src\main\AndroidManifest.xml:84:13-74
	android:name
		ADDED from src\main\AndroidManifest.xml:83:13-41
activity#com.thinksky.tox.MessageActivity
ADDED from src\main\AndroidManifest.xml:86:9-88:63
	android:theme
		ADDED from src\main\AndroidManifest.xml:88:13-60
	android:name
		ADDED from src\main\AndroidManifest.xml:87:13-44
activity#com.thinksky.tox.SetUserInfoActivity
ADDED from src\main\AndroidManifest.xml:89:9-93:55
	android:screenOrientation
		ADDED from src\main\AndroidManifest.xml:92:13-49
	android:configChanges
		ADDED from src\main\AndroidManifest.xml:91:13-74
	android:theme
		ADDED from src\main\AndroidManifest.xml:93:13-52
	android:name
		ADDED from src\main\AndroidManifest.xml:90:13-48
activity#com.thinksky.tox.GroupDetailActivity
ADDED from src\main\AndroidManifest.xml:94:9-96:63
	android:theme
		ADDED from src\main\AndroidManifest.xml:96:13-60
	android:name
		ADDED from src\main\AndroidManifest.xml:95:13-48
activity#com.thinksky.tox.GroupFloorReplyActivity
ADDED from src\main\AndroidManifest.xml:97:9-99:63
	android:theme
		ADDED from src\main\AndroidManifest.xml:99:13-60
	android:name
		ADDED from src\main\AndroidManifest.xml:98:13-52
activity#com.thinksky.tox.GroupPostInfoActivity
ADDED from src\main\AndroidManifest.xml:100:9-102:63
	android:theme
		ADDED from src\main\AndroidManifest.xml:102:13-60
	android:name
		ADDED from src\main\AndroidManifest.xml:101:13-50
activity#com.thinksky.tox.EventDetailActivity
ADDED from src\main\AndroidManifest.xml:103:9-105:63
	android:theme
		ADDED from src\main\AndroidManifest.xml:105:13-60
	android:name
		ADDED from src\main\AndroidManifest.xml:104:13-48
activity#com.thinksky.tox.GroupActivity
ADDED from src\main\AndroidManifest.xml:106:9-108:63
	android:theme
		ADDED from src\main\AndroidManifest.xml:108:13-60
	android:name
		ADDED from src\main\AndroidManifest.xml:107:13-42
activity#com.thinksky.tox.GroupInfoActivity
ADDED from src\main\AndroidManifest.xml:109:9-111:63
	android:theme
		ADDED from src\main\AndroidManifest.xml:111:13-60
	android:name
		ADDED from src\main\AndroidManifest.xml:110:13-46
activity#com.thinksky.tox.PostGroupActivity
ADDED from src\main\AndroidManifest.xml:112:9-115:52
	android:screenOrientation
		ADDED from src\main\AndroidManifest.xml:115:13-49
	android:configChanges
		ADDED from src\main\AndroidManifest.xml:114:13-74
	android:name
		ADDED from src\main\AndroidManifest.xml:113:13-46
activity#com.thinksky.tox.EventActivity
ADDED from src\main\AndroidManifest.xml:116:9-118:63
	android:theme
		ADDED from src\main\AndroidManifest.xml:118:13-60
	android:name
		ADDED from src\main\AndroidManifest.xml:117:13-42
activity#com.thinksky.tox.PostEventActivity
ADDED from src\main\AndroidManifest.xml:119:9-122:52
	android:screenOrientation
		ADDED from src\main\AndroidManifest.xml:122:13-49
	android:configChanges
		ADDED from src\main\AndroidManifest.xml:121:13-74
	android:name
		ADDED from src\main\AndroidManifest.xml:120:13-46
activity#com.thinksky.tox.IssueActivity2
ADDED from src\main\AndroidManifest.xml:123:9-125:63
	android:theme
		ADDED from src\main\AndroidManifest.xml:125:13-60
	android:name
		ADDED from src\main\AndroidManifest.xml:124:13-43
activity#com.thinksky.tox.PostIssueActivity
ADDED from src\main\AndroidManifest.xml:126:9-129:52
	android:screenOrientation
		ADDED from src\main\AndroidManifest.xml:129:13-49
	android:configChanges
		ADDED from src\main\AndroidManifest.xml:128:13-74
	android:name
		ADDED from src\main\AndroidManifest.xml:127:13-46
activity#com.thinksky.tox.IssueDetail
ADDED from src\main\AndroidManifest.xml:130:9-132:63
	android:theme
		ADDED from src\main\AndroidManifest.xml:132:13-60
	android:name
		ADDED from src\main\AndroidManifest.xml:131:13-40
activity#com.thinksky.tox.MainActivity
ADDED from src\main\AndroidManifest.xml:133:9-145:20
	android:screenOrientation
		ADDED from src\main\AndroidManifest.xml:137:13-49
	android:label
		ADDED from src\main\AndroidManifest.xml:135:13-45
	android:theme
		ADDED from src\main\AndroidManifest.xml:138:13-44
	android:name
		ADDED from src\main\AndroidManifest.xml:134:13-41
	android:launchMode
		ADDED from src\main\AndroidManifest.xml:136:13-44
activity#com.thinksky.tox.SettingActivity
ADDED from src\main\AndroidManifest.xml:146:9-149:52
	android:screenOrientation
		ADDED from src\main\AndroidManifest.xml:149:13-49
	android:configChanges
		ADDED from src\main\AndroidManifest.xml:148:13-74
	android:name
		ADDED from src\main\AndroidManifest.xml:147:13-44
activity#com.thinksky.tox.LoginActivity
ADDED from src\main\AndroidManifest.xml:150:9-153:52
	android:screenOrientation
		ADDED from src\main\AndroidManifest.xml:153:13-49
	android:configChanges
		ADDED from src\main\AndroidManifest.xml:152:13-74
	android:name
		ADDED from src\main\AndroidManifest.xml:151:13-42
activity#com.thinksky.tox.RegistetActivity
ADDED from src\main\AndroidManifest.xml:154:9-157:52
	android:screenOrientation
		ADDED from src\main\AndroidManifest.xml:157:13-49
	android:configChanges
		ADDED from src\main\AndroidManifest.xml:156:13-74
	android:name
		ADDED from src\main\AndroidManifest.xml:155:13-45
activity#com.thinksky.tox.AboutActivity
ADDED from src\main\AndroidManifest.xml:158:9-161:52
	android:screenOrientation
		ADDED from src\main\AndroidManifest.xml:161:13-49
	android:configChanges
		ADDED from src\main\AndroidManifest.xml:160:13-74
	android:name
		ADDED from src\main\AndroidManifest.xml:159:13-42
activity#com.thinksky.tox.Setting_yijianActivity
ADDED from src\main\AndroidManifest.xml:162:9-165:52
	android:screenOrientation
		ADDED from src\main\AndroidManifest.xml:165:13-49
	android:configChanges
		ADDED from src\main\AndroidManifest.xml:164:13-74
	android:name
		ADDED from src\main\AndroidManifest.xml:163:13-51
activity#com.thinksky.tox.UserInfoActivity
ADDED from src\main\AndroidManifest.xml:166:9-168:77
	android:configChanges
		ADDED from src\main\AndroidManifest.xml:168:13-74
	android:name
		ADDED from src\main\AndroidManifest.xml:167:13-45
activity#com.thinksky.tox.UploadActivity
ADDED from src\main\AndroidManifest.xml:169:9-173:58
	android:windowSoftInputMode
		ADDED from src\main\AndroidManifest.xml:173:13-55
	android:screenOrientation
		ADDED from src\main\AndroidManifest.xml:172:13-49
	android:configChanges
		ADDED from src\main\AndroidManifest.xml:171:13-74
	android:name
		ADDED from src\main\AndroidManifest.xml:170:13-43
activity#com.thinksky.tox.WeiboDetailActivity
ADDED from src\main\AndroidManifest.xml:174:9-177:52
	android:screenOrientation
		ADDED from src\main\AndroidManifest.xml:177:13-49
	android:configChanges
		ADDED from src\main\AndroidManifest.xml:176:13-74
	android:name
		ADDED from src\main\AndroidManifest.xml:175:13-48
activity#com.thinksky.tox.CameralActivity
ADDED from src\main\AndroidManifest.xml:178:9-181:52
	android:screenOrientation
		ADDED from src\main\AndroidManifest.xml:181:13-49
	android:configChanges
		ADDED from src\main\AndroidManifest.xml:180:13-74
	android:name
		ADDED from src\main\AndroidManifest.xml:179:13-44
activity#com.thinksky.tox.PhotoAct
ADDED from src\main\AndroidManifest.xml:182:9-185:52
	android:screenOrientation
		ADDED from src\main\AndroidManifest.xml:185:13-49
	android:configChanges
		ADDED from src\main\AndroidManifest.xml:184:13-74
	android:name
		ADDED from src\main\AndroidManifest.xml:183:13-37
activity#com.thinksky.tox.SendCommentActivity
ADDED from src\main\AndroidManifest.xml:186:9-190:58
	android:windowSoftInputMode
		ADDED from src\main\AndroidManifest.xml:190:13-55
	android:screenOrientation
		ADDED from src\main\AndroidManifest.xml:189:13-49
	android:configChanges
		ADDED from src\main\AndroidManifest.xml:188:13-74
	android:name
		ADDED from src\main\AndroidManifest.xml:187:13-48
activity#com.thinksky.tox.AuditActivity
ADDED from src\main\AndroidManifest.xml:191:9-194:52
	android:screenOrientation
		ADDED from src\main\AndroidManifest.xml:194:13-49
	android:configChanges
		ADDED from src\main\AndroidManifest.xml:193:13-74
	android:name
		ADDED from src\main\AndroidManifest.xml:192:13-42
activity#com.zxing.activity.CaptureActivity
ADDED from src\main\AndroidManifest.xml:195:9-199:52
	android:screenOrientation
		ADDED from src\main\AndroidManifest.xml:199:13-49
	android:label
		ADDED from src\main\AndroidManifest.xml:198:13-45
	android:configChanges
		ADDED from src\main\AndroidManifest.xml:197:13-74
	android:name
		ADDED from src\main\AndroidManifest.xml:196:13-62
activity#com.zxing.activity.CallActivity
ADDED from src\main\AndroidManifest.xml:200:9-204:52
	android:screenOrientation
		ADDED from src\main\AndroidManifest.xml:204:13-49
	android:label
		ADDED from src\main\AndroidManifest.xml:203:13-45
	android:configChanges
		ADDED from src\main\AndroidManifest.xml:202:13-74
	android:name
		ADDED from src\main\AndroidManifest.xml:201:13-59
activity#com.thinksky.tox.SplashActivity
ADDED from src\main\AndroidManifest.xml:205:9-214:20
	android:screenOrientation
		ADDED from src\main\AndroidManifest.xml:207:13-49
	android:theme
		ADDED from src\main\AndroidManifest.xml:208:13-77
	android:name
		ADDED from src\main\AndroidManifest.xml:206:13-43
intent-filter#android.intent.action.MAIN+android.intent.category.LAUNCHER
ADDED from src\main\AndroidManifest.xml:209:13-213:29
action#android.intent.action.MAIN
ADDED from src\main\AndroidManifest.xml:210:17-69
	android:name
		ADDED from src\main\AndroidManifest.xml:210:25-66
category#android.intent.category.LAUNCHER
ADDED from src\main\AndroidManifest.xml:212:17-77
	android:name
		ADDED from src\main\AndroidManifest.xml:212:27-74
activity#com.thinksky.tox.ScanPhotoActivity
ADDED from src\main\AndroidManifest.xml:219:9-223:52
	android:screenOrientation
		ADDED from src\main\AndroidManifest.xml:223:13-49
	android:label
		ADDED from src\main\AndroidManifest.xml:222:13-45
	android:configChanges
		ADDED from src\main\AndroidManifest.xml:221:13-74
	android:name
		ADDED from src\main\AndroidManifest.xml:220:13-46
activity#com.thinksky.tox.ShowImageActivity
ADDED from src\main\AndroidManifest.xml:224:9-228:63
	android:screenOrientation
		ADDED from src\main\AndroidManifest.xml:227:13-49
	android:configChanges
		ADDED from src\main\AndroidManifest.xml:226:13-74
	android:theme
		ADDED from src\main\AndroidManifest.xml:228:13-60
	android:name
		ADDED from src\main\AndroidManifest.xml:225:13-46
activity#com.thinksky.tox.ImagePagerActivity
ADDED from src\main\AndroidManifest.xml:229:9-233:52
	android:screenOrientation
		ADDED from src\main\AndroidManifest.xml:233:13-49
	android:label
		ADDED from src\main\AndroidManifest.xml:232:13-45
	android:configChanges
		ADDED from src\main\AndroidManifest.xml:231:13-74
	android:name
		ADDED from src\main\AndroidManifest.xml:230:13-47
activity#com.thinksky.tox.ForumActivity
ADDED from src\main\AndroidManifest.xml:234:9-238:63
	android:label
		ADDED from src\main\AndroidManifest.xml:237:13-57
	android:configChanges
		ADDED from src\main\AndroidManifest.xml:236:13-74
	android:theme
		ADDED from src\main\AndroidManifest.xml:238:13-60
	android:name
		ADDED from src\main\AndroidManifest.xml:235:13-42
activity#com.thinksky.tox.ForumActivity2
ADDED from src\main\AndroidManifest.xml:239:9-242:58
	android:windowSoftInputMode
		ADDED from src\main\AndroidManifest.xml:242:13-55
	android:theme
		ADDED from src\main\AndroidManifest.xml:241:13-56
	android:name
		ADDED from src\main\AndroidManifest.xml:240:13-43
activity#com.thinksky.tox.ForumActivity3
ADDED from src\main\AndroidManifest.xml:243:9-246:59
	android:label
		ADDED from src\main\AndroidManifest.xml:245:13-45
	android:theme
		ADDED from src\main\AndroidManifest.xml:246:13-56
	android:name
		ADDED from src\main\AndroidManifest.xml:244:13-43
activity#com.thinksky.tox.PostDetailActivity
ADDED from src\main\AndroidManifest.xml:247:9-251:63
	android:label
		ADDED from src\main\AndroidManifest.xml:250:13-45
	android:configChanges
		ADDED from src\main\AndroidManifest.xml:249:13-74
	android:theme
		ADDED from src\main\AndroidManifest.xml:251:13-60
	android:name
		ADDED from src\main\AndroidManifest.xml:248:13-47
activity#com.thinksky.tox.SendPostActivity
ADDED from src\main\AndroidManifest.xml:252:9-256:63
	android:label
		ADDED from src\main\AndroidManifest.xml:255:13-45
	android:configChanges
		ADDED from src\main\AndroidManifest.xml:254:13-74
	android:theme
		ADDED from src\main\AndroidManifest.xml:256:13-60
	android:name
		ADDED from src\main\AndroidManifest.xml:253:13-45
activity#com.thinksky.tox.LandLordActivity
ADDED from src\main\AndroidManifest.xml:257:9-262:58
	android:windowSoftInputMode
		ADDED from src\main\AndroidManifest.xml:262:13-55
	android:label
		ADDED from src\main\AndroidManifest.xml:260:13-45
	android:configChanges
		ADDED from src\main\AndroidManifest.xml:259:13-74
	android:theme
		ADDED from src\main\AndroidManifest.xml:261:13-60
	android:name
		ADDED from src\main\AndroidManifest.xml:258:13-45
activity#com.thinksky.tox.LDrawerActivity
ADDED from src\main\AndroidManifest.xml:263:9-274:20
	android:label
		ADDED from src\main\AndroidManifest.xml:265:13-59
	android:name
		ADDED from src\main\AndroidManifest.xml:264:13-44
activity#com.thinksky.tox.NewMainActivity
ADDED from src\main\AndroidManifest.xml:275:9-277:63
	android:label
		ADDED from src\main\AndroidManifest.xml:277:13-60
	android:name
		ADDED from src\main\AndroidManifest.xml:276:13-44
activity#com.thinksky.tox.AddGroupActivity
ADDED from src\main\AndroidManifest.xml:278:9-281:52
	android:screenOrientation
		ADDED from src\main\AndroidManifest.xml:281:13-49
	android:configChanges
		ADDED from src\main\AndroidManifest.xml:280:13-74
	android:name
		ADDED from src\main\AndroidManifest.xml:279:13-45
activity#com.thinksky.tox.BeforeRegistetActivity
ADDED from src\main\AndroidManifest.xml:282:9-285:52
	android:screenOrientation
		ADDED from src\main\AndroidManifest.xml:285:13-49
	android:configChanges
		ADDED from src\main\AndroidManifest.xml:284:13-74
	android:name
		ADDED from src\main\AndroidManifest.xml:283:13-51
activity#com.thinksky.tox.PostNewsActivity
ADDED from src\main\AndroidManifest.xml:286:9-289:52
	android:screenOrientation
		ADDED from src\main\AndroidManifest.xml:289:13-49
	android:configChanges
		ADDED from src\main\AndroidManifest.xml:288:13-74
	android:name
		ADDED from src\main\AndroidManifest.xml:287:13-45
activity#com.thinksky.tox.CheckIn
ADDED from src\main\AndroidManifest.xml:290:9-293:52
	android:screenOrientation
		ADDED from src\main\AndroidManifest.xml:293:13-49
	android:configChanges
		ADDED from src\main\AndroidManifest.xml:292:13-74
	android:name
		ADDED from src\main\AndroidManifest.xml:291:13-36
activity#com.thinksky.rsen.activity.RsenCommonActivity
ADDED from src\main\AndroidManifest.xml:294:9-303:20
	android:screenOrientation
		ADDED from src\main\AndroidManifest.xml:297:13-49
	android:name
		ADDED from src\main\AndroidManifest.xml:295:13-73
	android:launchMode
		ADDED from src\main\AndroidManifest.xml:296:13-43
intent-filter#android.intent.category.DEFAULT+com.angcyo.rsen
ADDED from src\main\AndroidManifest.xml:298:13-301:29
action#com.angcyo.rsen
ADDED from src\main\AndroidManifest.xml:299:17-58
	android:name
		ADDED from src\main\AndroidManifest.xml:299:25-55
category#android.intent.category.DEFAULT
ADDED from src\main\AndroidManifest.xml:300:17-76
	android:name
		ADDED from src\main\AndroidManifest.xml:300:27-73
activity#com.thinksky.tox.IssueActivity1
ADDED from src\main\AndroidManifest.xml:304:9-307:52
	android:screenOrientation
		ADDED from src\main\AndroidManifest.xml:307:13-49
	android:configChanges
		ADDED from src\main\AndroidManifest.xml:306:13-74
	android:name
		ADDED from src\main\AndroidManifest.xml:305:13-43
activity#com.thinksky.fragment.wentixiangqing
ADDED from src\main\AndroidManifest.xml:308:9-311:52
	android:screenOrientation
		ADDED from src\main\AndroidManifest.xml:311:13-49
	android:configChanges
		ADDED from src\main\AndroidManifest.xml:310:13-74
	android:name
		ADDED from src\main\AndroidManifest.xml:309:13-64
activity#com.thinksky.rsen.activity.GroupDetailFragmentActivity
ADDED from src\main\AndroidManifest.xml:313:9-316:52
	android:screenOrientation
		ADDED from src\main\AndroidManifest.xml:316:13-49
	android:configChanges
		ADDED from src\main\AndroidManifest.xml:315:13-74
	android:name
		ADDED from src\main\AndroidManifest.xml:314:13-82
activity#com.thinksky.rsen.activity.IssueDetailFragmentActivity1
ADDED from src\main\AndroidManifest.xml:317:9-320:52
	android:screenOrientation
		ADDED from src\main\AndroidManifest.xml:320:13-49
	android:configChanges
		ADDED from src\main\AndroidManifest.xml:319:13-74
	android:name
		ADDED from src\main\AndroidManifest.xml:318:13-83
activity#com.thinksky.fragment.WendaListActivity
ADDED from src\main\AndroidManifest.xml:322:9-325:52
	android:screenOrientation
		ADDED from src\main\AndroidManifest.xml:325:13-49
	android:configChanges
		ADDED from src\main\AndroidManifest.xml:324:13-74
	android:name
		ADDED from src\main\AndroidManifest.xml:323:13-67
activity#com.thinksky.tox.GroupMyActivity
ADDED from src\main\AndroidManifest.xml:326:9-329:52
	android:screenOrientation
		ADDED from src\main\AndroidManifest.xml:329:13-49
	android:configChanges
		ADDED from src\main\AndroidManifest.xml:328:13-74
	android:name
		ADDED from src\main\AndroidManifest.xml:327:13-60
activity#com.thinksky.fragment.WendaMyQuestionListActivity
ADDED from src\main\AndroidManifest.xml:331:9-334:52
	android:screenOrientation
		ADDED from src\main\AndroidManifest.xml:334:13-49
	android:configChanges
		ADDED from src\main\AndroidManifest.xml:333:13-74
	android:name
		ADDED from src\main\AndroidManifest.xml:332:13-77
activity#com.thinksky.tox.DiscoverSelectActivity
ADDED from src\main\AndroidManifest.xml:335:9-338:52
	android:screenOrientation
		ADDED from src\main\AndroidManifest.xml:338:13-49
	android:configChanges
		ADDED from src\main\AndroidManifest.xml:337:13-74
	android:name
		ADDED from src\main\AndroidManifest.xml:336:13-67
activity#com.thinksky.fragment.VedioViewTest
ADDED from src\main\AndroidManifest.xml:339:9-342:80
	android:screenOrientation
		ADDED from src\main\AndroidManifest.xml:341:13-50
	android:theme
		ADDED from src\main\AndroidManifest.xml:342:13-77
	android:name
		ADDED from src\main\AndroidManifest.xml:340:13-63
activity#com.thinksky.fragment.VedioView
ADDED from src\main\AndroidManifest.xml:343:9-348:80
	android:screenOrientation
		ADDED from src\main\AndroidManifest.xml:347:13-50
	android:configChanges
		ADDED from src\main\AndroidManifest.xml:345:13-74
	android:theme
		ADDED from src\main\AndroidManifest.xml:348:13-77
	android:name
		ADDED from src\main\AndroidManifest.xml:344:13-59
activity#com.thinksky.fragment.DiscoverFriendActivity